<?xml version="1.0" encoding="UTF-8"?>
<!-- Generated by org.testng.reporters.JUnitReportReporter -->
<testsuite hostname="DELL-C0HKRC2" failures="0" tests="1" name="Edit.EducacionIT04May2022.Laboratorio3" time="22.806" errors="0" timestamp="2022-06-03T21:26:46 ART" skipped="0">
  <testcase classname="Edit.EducacionIT04May2022.Laboratorio3" name="registrarUsuario" time="22.806"/>
  <system-out/>
</testsuite> <!-- Edit.EducacionIT04May2022.Laboratorio3 -->
