<?xml version="1.0" encoding="UTF-8"?>
<!-- Generated by org.testng.reporters.JUnitReportReporter -->
<testsuite hostname="DELL-C0HKRC2" failures="0" tests="1" name="Edit.EducacionIT04May2022.AppTest" time="0.002" errors="0" timestamp="2022-05-20T21:26:46 ART" skipped="0">
  <testcase classname="Edit.EducacionIT04May2022.AppTest" name="imprimirEnConsola" time="0.002"/>
  <system-out/>
</testsuite> <!-- Edit.EducacionIT04May2022.AppTest -->
