<?xml version="1.0" encoding="UTF-8"?>
<!-- Generated by org.testng.reporters.JUnitReportReporter -->
<testsuite hostname="DELL-C0HKRC2" failures="0" tests="2" name="Edit.EducacionIT04May2022.Laboratorio2" time="35.271" errors="0" timestamp="2022-05-20T21:26:46 ART" skipped="0">
  <testcase classname="Edit.EducacionIT04May2022.Laboratorio2" name="hacerBusquedaEnFirefox" time="14.707"/>
  <system-out/>
  <testcase classname="Edit.EducacionIT04May2022.Laboratorio2" name="hacerBusquedaEnChrome" time="20.564"/>
  <system-out/>
</testsuite> <!-- Edit.EducacionIT04May2022.Laboratorio2 -->
