<?xml version="1.0" encoding="UTF-8"?>
<!-- Generated by org.testng.reporters.JUnitReportReporter -->
<testsuite hostname="DELL-C0HKRC2" failures="0" tests="1" name="Edit.EducacionIT04May2022.ScrollScreenshot" time="63.451" errors="0" timestamp="2022-05-28T21:52:50 ART" skipped="0">
  <testcase classname="Edit.EducacionIT04May2022.ScrollScreenshot" name="scrollScreenshotTest" time="63.451"/>
  <system-out/>
</testsuite> <!-- Edit.EducacionIT04May2022.ScrollScreenshot -->
