<?xml version="1.0" encoding="UTF-8"?>
<!-- Generated by org.testng.reporters.JUnitReportReporter -->
<testsuite hostname="DELL-C0HKRC2" failures="0" tests="1" name="Edit.EducacionIT04May2022.MobileEmulation" time="24.243" errors="0" timestamp="2022-06-01T21:51:35 ART" skipped="0">
  <testcase classname="Edit.EducacionIT04May2022.MobileEmulation" name="testMobileEmulation" time="24.243"/>
  <system-out/>
</testsuite> <!-- Edit.EducacionIT04May2022.MobileEmulation -->
