<?xml version="1.0" encoding="UTF-8"?>
<!-- Generated by org.testng.reporters.JUnitReportReporter -->
<testsuite hostname="DELL-C0HKRC2" failures="0" tests="1" name="pruebas.Laboratorio9" time="0.886" errors="0" timestamp="2022-06-08T20:19:41 ART" skipped="0">
  <testcase classname="pruebas.Laboratorio9" name="imprimirValoresTabla" time="0.886"/>
  <system-out/>
</testsuite> <!-- pruebas.Laboratorio9 -->
