<?xml version="1.0" encoding="UTF-8"?>
<!-- Generated by org.testng.reporters.JUnitReportReporter -->
<testsuite hostname="DELL-C0HKRC2" failures="0" tests="1" name="pruebas.Laboratorio9b" time="0.611" errors="0" timestamp="2022-06-08T20:40:41 ART" skipped="0">
  <testcase classname="pruebas.Laboratorio9b" name="alerta4" time="0.611"/>
  <system-out/>
</testsuite> <!-- pruebas.Laboratorio9b -->
