<?xml version="1.0" encoding="UTF-8"?>
<!-- Generated by org.testng.reporters.JUnitReportReporter -->
<testsuite hostname="DELL-C0HKRC2" failures="0" tests="2" name="Edit.EducacionIT04May2022.Laboratorio5" time="5.825" errors="0" timestamp="2022-05-20T21:44:47 ART" skipped="0">
  <testcase classname="Edit.EducacionIT04May2022.Laboratorio5" name="irAContactanos" time="3.651"/>
  <system-out/>
  <testcase classname="Edit.EducacionIT04May2022.Laboratorio5" name="buscarPalabra" time="2.174"/>
  <system-out/>
</testsuite> <!-- Edit.EducacionIT04May2022.Laboratorio5 -->
