<?xml version="1.0" encoding="UTF-8"?>
<!-- Generated by org.testng.reporters.JUnitReportReporter -->
<testsuite hostname="DELL-C0HKRC2" failures="0" tests="1" name="Edit.EducacionIT04May2022.Laboratorio6b" time="10.628" errors="0" timestamp="2022-05-27T21:32:46 ART" skipped="0">
  <testcase classname="Edit.EducacionIT04May2022.Laboratorio6b" name="buscarPalabraConDocumentoEvidencias" time="10.628"/>
  <system-out/>
</testsuite> <!-- Edit.EducacionIT04May2022.Laboratorio6b -->
